{"/Users/n/code/hapi-email/lib/index.js":{"path":"/Users/n/code/hapi-email/lib/index.js","s":{"1":1,"2":1,"3":1,"4":1,"5":1,"6":1,"7":1,"8":1,"9":1,"10":1,"11":1,"12":1,"13":2,"14":2,"15":0,"16":2,"17":2},"b":{},"f":{"1":2,"2":0,"3":2},"fnMap":{"1":{"name":"email","line":18,"loc":{"start":{"line":18,"column":17},"end":{"line":18,"column":50}}},"2":{"name":"(anonymous_2)","line":41,"loc":{"start":{"line":41,"column":56},"end":{"line":41,"column":73}}},"3":{"name":"(anonymous_3)","line":44,"loc":{"start":{"line":44,"column":7},"end":{"line":44,"column":23}}}},"statementMap":{"1":{"start":{"line":4,"column":0},"end":{"line":4,"column":31}},"2":{"start":{"line":5,"column":0},"end":{"line":5,"column":33}},"3":{"start":{"line":6,"column":0},"end":{"line":6,"column":34}},"4":{"start":{"line":7,"column":0},"end":{"line":7,"column":34}},"5":{"start":{"line":8,"column":0},"end":{"line":8,"column":65}},"6":{"start":{"line":9,"column":0},"end":{"line":9,"column":64}},"7":{"start":{"line":10,"column":0},"end":{"line":10,"column":51}},"8":{"start":{"line":11,"column":0},"end":{"line":11,"column":51}},"9":{"start":{"line":13,"column":0},"end":{"line":13,"column":42}},"10":{"start":{"line":14,"column":0},"end":{"line":14,"column":66}},"11":{"start":{"line":16,"column":0},"end":{"line":16,"column":73}},"12":{"start":{"line":18,"column":0},"end":{"line":51,"column":1}},"13":{"start":{"line":19,"column":4},"end":{"line":39,"column":6}},"14":{"start":{"line":41,"column":4},"end":{"line":49,"column":7}},"15":{"start":{"line":43,"column":8},"end":{"line":43,"column":32}},"16":{"start":{"line":46,"column":8},"end":{"line":46,"column":77}},"17":{"start":{"line":47,"column":8},"end":{"line":47,"column":31}}},"branchMap":{}}}